[20231221 09:30:52:327][INFO ][com.example.demo.DemoApplication] Starting DemoApplication using Java 21 with PID 5060 (C:\Users\권경현\IdeaProjects\javascript-java\html-java\target\classes started by 권경현 in C:\Users\권경현\IdeaProjects\javascript-java)
[20231221 09:30:52:329][INFO ][com.example.demo.DemoApplication] No active profile set, falling back to 1 default profile: "default"
[20231221 09:30:52:374][INFO ][o.s.b.d.e.DevToolsPropertyDefaultsPostProcessor] Devtools property defaults active! Set 'spring.devtools.add-properties' to 'false' to disable
[20231221 09:30:52:375][INFO ][o.s.b.d.e.DevToolsPropertyDefaultsPostProcessor] For additional web related logging consider setting the 'logging.level.web' property to 'DEBUG'
[20231221 09:30:53:472][INFO ][o.s.b.w.embedded.tomcat.TomcatWebServer] Tomcat initialized with port 4242 (http)
[20231221 09:30:53:479][INFO ][o.apache.coyote.http11.Http11NioProtocol] Initializing ProtocolHandler ["http-nio-4242"]
[20231221 09:30:53:481][INFO ][o.apache.catalina.core.StandardService] Starting service [Tomcat]
[20231221 09:30:53:482][INFO ][org.apache.catalina.core.StandardEngine] Starting Servlet engine: [Apache Tomcat/10.1.16]
[20231221 09:30:53:528][INFO ][o.a.c.c.C.[Tomcat].[localhost].[/]] Initializing Spring embedded WebApplicationContext
[20231221 09:30:53:528][INFO ][o.s.b.w.s.c.ServletWebServerApplicationContext] Root WebApplicationContext: initialization completed in 1153 ms
[20231221 09:30:53:955][INFO ][o.s.b.d.a.OptionalLiveReloadServer] LiveReload server is running on port 35729
[20231221 09:30:53:970][INFO ][o.apache.coyote.http11.Http11NioProtocol] Starting ProtocolHandler ["http-nio-4242"]
[20231221 09:30:53:991][INFO ][o.s.b.w.embedded.tomcat.TomcatWebServer] Tomcat started on port 4242 (http) with context path ''
[20231221 09:30:53:998][INFO ][com.example.demo.DemoApplication] Started DemoApplication in 2.272 seconds (process running for 3.218)
[20231221 09:31:09:212][INFO ][o.a.c.c.C.[Tomcat].[localhost].[/]] Initializing Spring DispatcherServlet 'dispatcherServlet'
[20231221 09:31:09:212][INFO ][o.s.web.servlet.DispatcherServlet] Initializing Servlet 'dispatcherServlet'
[20231221 09:31:09:213][INFO ][o.s.web.servlet.DispatcherServlet] Completed initialization in 1 ms
[20231221 09:39:13:433][INFO ][o.s.b.d.a.LocalDevToolsAutoConfiguration$RestartingClassPathChangeChangedEventListener] Restarting due to 1 class path change (0 additions, 0 deletions, 1 modification)
[20231221 09:39:13:440][INFO ][o.apache.coyote.http11.Http11NioProtocol] Stopping ProtocolHandler ["http-nio-4242"]
[20231221 09:39:13:598][INFO ][com.example.demo.DemoApplication] Starting DemoApplication using Java 21 with PID 5060 (C:\Users\권경현\IdeaProjects\javascript-java\html-java\target\classes started by 권경현 in C:\Users\권경현\IdeaProjects\javascript-java)
[20231221 09:39:13:598][INFO ][com.example.demo.DemoApplication] No active profile set, falling back to 1 default profile: "default"
[20231221 09:39:14:171][INFO ][o.s.b.w.embedded.tomcat.TomcatWebServer] Tomcat initialized with port 4242 (http)
[20231221 09:39:14:173][INFO ][o.apache.coyote.http11.Http11NioProtocol] Initializing ProtocolHandler ["http-nio-4242"]
[20231221 09:39:14:174][INFO ][o.apache.catalina.core.StandardService] Starting service [Tomcat]
[20231221 09:39:14:174][INFO ][org.apache.catalina.core.StandardEngine] Starting Servlet engine: [Apache Tomcat/10.1.16]
[20231221 09:39:14:204][INFO ][o.a.c.c.C.[Tomcat].[localhost].[/]] Initializing Spring embedded WebApplicationContext
[20231221 09:39:14:204][INFO ][o.s.b.w.s.c.ServletWebServerApplicationContext] Root WebApplicationContext: initialization completed in 603 ms
[20231221 09:39:14:568][INFO ][o.s.b.d.a.OptionalLiveReloadServer] LiveReload server is running on port 35729
[20231221 09:39:14:587][INFO ][o.apache.coyote.http11.Http11NioProtocol] Starting ProtocolHandler ["http-nio-4242"]
[20231221 09:39:14:592][INFO ][o.s.b.w.embedded.tomcat.TomcatWebServer] Tomcat started on port 4242 (http) with context path ''
[20231221 09:39:14:598][INFO ][com.example.demo.DemoApplication] Started DemoApplication in 1.057 seconds (process running for 503.818)
[20231221 09:39:14:600][INFO ][o.s.b.d.a.ConditionEvaluationDeltaLoggingListener] Condition evaluation unchanged
[20231221 09:39:28:317][INFO ][o.a.c.c.C.[Tomcat].[localhost].[/]] Initializing Spring DispatcherServlet 'dispatcherServlet'
[20231221 09:39:28:317][INFO ][o.s.web.servlet.DispatcherServlet] Initializing Servlet 'dispatcherServlet'
[20231221 09:39:28:318][INFO ][o.s.web.servlet.DispatcherServlet] Completed initialization in 1 ms
