[20240122 20:35:56:118][INFO ][com.example.demo.DemoApplication] Starting DemoApplication using Java 21 with PID 7220 (C:\Users\권경현\IdeaProjects\javascript-java\html-java\target\classes started by 권경현 in C:\Users\권경현\IdeaProjects\javascript-java)
[20240122 20:35:56:122][INFO ][com.example.demo.DemoApplication] No active profile set, falling back to 1 default profile: "default"
[20240122 20:35:56:163][INFO ][o.s.b.d.e.DevToolsPropertyDefaultsPostProcessor] Devtools property defaults active! Set 'spring.devtools.add-properties' to 'false' to disable
[20240122 20:35:56:163][INFO ][o.s.b.d.e.DevToolsPropertyDefaultsPostProcessor] For additional web related logging consider setting the 'logging.level.web' property to 'DEBUG'
[20240122 20:35:57:137][INFO ][o.s.b.w.embedded.tomcat.TomcatWebServer] Tomcat initialized with port 4242 (http)
[20240122 20:35:57:144][INFO ][o.apache.coyote.http11.Http11NioProtocol] Initializing ProtocolHandler ["http-nio-4242"]
[20240122 20:35:57:146][INFO ][o.apache.catalina.core.StandardService] Starting service [Tomcat]
[20240122 20:35:57:146][INFO ][org.apache.catalina.core.StandardEngine] Starting Servlet engine: [Apache Tomcat/10.1.16]
[20240122 20:35:57:184][INFO ][o.a.c.c.C.[Tomcat].[localhost].[/]] Initializing Spring embedded WebApplicationContext
[20240122 20:35:57:185][INFO ][o.s.b.w.s.c.ServletWebServerApplicationContext] Root WebApplicationContext: initialization completed in 1022 ms
[20240122 20:35:57:526][INFO ][o.s.b.d.a.OptionalLiveReloadServer] LiveReload server is running on port 35729
[20240122 20:35:57:541][INFO ][o.apache.coyote.http11.Http11NioProtocol] Starting ProtocolHandler ["http-nio-4242"]
[20240122 20:35:57:567][INFO ][o.s.b.w.embedded.tomcat.TomcatWebServer] Tomcat started on port 4242 (http) with context path ''
[20240122 20:35:57:574][INFO ][com.example.demo.DemoApplication] Started DemoApplication in 2.228 seconds (process running for 3.106)
[20240122 20:36:17:439][INFO ][o.a.c.c.C.[Tomcat].[localhost].[/]] Initializing Spring DispatcherServlet 'dispatcherServlet'
[20240122 20:36:17:439][INFO ][o.s.web.servlet.DispatcherServlet] Initializing Servlet 'dispatcherServlet'
[20240122 20:36:17:440][INFO ][o.s.web.servlet.DispatcherServlet] Completed initialization in 1 ms
[20240122 20:37:21:304][INFO ][com.example.demo.DemoApplication] Starting DemoApplication using Java 21 with PID 14712 (C:\Users\권경현\IdeaProjects\javascript-java\html-java\target\classes started by 권경현 in C:\Users\권경현\IdeaProjects\javascript-java)
[20240122 20:37:21:306][INFO ][com.example.demo.DemoApplication] No active profile set, falling back to 1 default profile: "default"
[20240122 20:37:21:348][INFO ][o.s.b.d.e.DevToolsPropertyDefaultsPostProcessor] Devtools property defaults active! Set 'spring.devtools.add-properties' to 'false' to disable
[20240122 20:37:21:348][INFO ][o.s.b.d.e.DevToolsPropertyDefaultsPostProcessor] For additional web related logging consider setting the 'logging.level.web' property to 'DEBUG'
[20240122 20:37:22:428][INFO ][o.s.b.w.embedded.tomcat.TomcatWebServer] Tomcat initialized with port 4242 (http)
[20240122 20:37:22:437][INFO ][o.apache.coyote.http11.Http11NioProtocol] Initializing ProtocolHandler ["http-nio-4242"]
[20240122 20:37:22:439][INFO ][o.apache.catalina.core.StandardService] Starting service [Tomcat]
[20240122 20:37:22:439][INFO ][org.apache.catalina.core.StandardEngine] Starting Servlet engine: [Apache Tomcat/10.1.16]
[20240122 20:37:22:486][INFO ][o.a.c.c.C.[Tomcat].[localhost].[/]] Initializing Spring embedded WebApplicationContext
[20240122 20:37:22:486][INFO ][o.s.b.w.s.c.ServletWebServerApplicationContext] Root WebApplicationContext: initialization completed in 1138 ms
[20240122 20:37:22:923][INFO ][o.s.b.d.a.OptionalLiveReloadServer] LiveReload server is running on port 35729
[20240122 20:37:22:940][INFO ][o.apache.coyote.http11.Http11NioProtocol] Starting ProtocolHandler ["http-nio-4242"]
[20240122 20:37:22:960][INFO ][o.s.b.w.embedded.tomcat.TomcatWebServer] Tomcat started on port 4242 (http) with context path ''
[20240122 20:37:22:966][INFO ][com.example.demo.DemoApplication] Started DemoApplication in 2.187 seconds (process running for 3.134)
[20240122 20:38:06:455][INFO ][com.example.demo.DemoApplication] Starting DemoApplication using Java 21 with PID 14284 (C:\Users\권경현\IdeaProjects\javascript-java\html-java\target\classes started by 권경현 in C:\Users\권경현\IdeaProjects\javascript-java)
[20240122 20:38:06:457][INFO ][com.example.demo.DemoApplication] No active profile set, falling back to 1 default profile: "default"
[20240122 20:38:06:499][INFO ][o.s.b.d.e.DevToolsPropertyDefaultsPostProcessor] Devtools property defaults active! Set 'spring.devtools.add-properties' to 'false' to disable
[20240122 20:38:06:499][INFO ][o.s.b.d.e.DevToolsPropertyDefaultsPostProcessor] For additional web related logging consider setting the 'logging.level.web' property to 'DEBUG'
[20240122 20:38:07:391][INFO ][o.s.b.w.embedded.tomcat.TomcatWebServer] Tomcat initialized with port 4242 (http)
[20240122 20:38:07:398][INFO ][o.apache.coyote.http11.Http11NioProtocol] Initializing ProtocolHandler ["http-nio-4242"]
[20240122 20:38:07:399][INFO ][o.apache.catalina.core.StandardService] Starting service [Tomcat]
[20240122 20:38:07:400][INFO ][org.apache.catalina.core.StandardEngine] Starting Servlet engine: [Apache Tomcat/10.1.16]
[20240122 20:38:07:436][INFO ][o.a.c.c.C.[Tomcat].[localhost].[/]] Initializing Spring embedded WebApplicationContext
[20240122 20:38:07:436][INFO ][o.s.b.w.s.c.ServletWebServerApplicationContext] Root WebApplicationContext: initialization completed in 937 ms
[20240122 20:38:07:778][INFO ][o.s.b.d.a.OptionalLiveReloadServer] LiveReload server is running on port 35729
[20240122 20:38:07:790][INFO ][o.apache.coyote.http11.Http11NioProtocol] Starting ProtocolHandler ["http-nio-4242"]
[20240122 20:38:07:808][INFO ][o.s.b.w.embedded.tomcat.TomcatWebServer] Tomcat started on port 4242 (http) with context path ''
[20240122 20:38:07:815][INFO ][com.example.demo.DemoApplication] Started DemoApplication in 1.793 seconds (process running for 2.78)
[20240122 20:38:14:917][INFO ][o.a.c.c.C.[Tomcat].[localhost].[/]] Initializing Spring DispatcherServlet 'dispatcherServlet'
[20240122 20:38:14:917][INFO ][o.s.web.servlet.DispatcherServlet] Initializing Servlet 'dispatcherServlet'
[20240122 20:38:14:918][INFO ][o.s.web.servlet.DispatcherServlet] Completed initialization in 1 ms
